<?xml version="1.0" encoding="UTF-8"?>
<!-- Generated by org.testng.reporters.JUnitReportReporter -->
<testsuite hostname="Souvik" failures="0" tests="3" name="demo.Dependency_TestNG" time="0.029" errors="0" timestamp="2024-04-07T01:24:51 IST" skipped="0">
  <testcase classname="demo.Dependency_TestNG" name="test3" time="0.004"/>
  <testcase classname="demo.Dependency_TestNG" name="test2" time="0.019"/>
  <testcase classname="demo.Dependency_TestNG" name="test1" time="0.006"/>
</testsuite> <!-- demo.Dependency_TestNG -->
