<?xml version="1.0" encoding="UTF-8"?>
<!-- Generated by org.testng.reporters.JUnitReportReporter -->
<testsuite hostname="Souvik" failures="0" tests="4" name="demo.Groups_TestNG" time="0.022" errors="0" timestamp="2024-04-06T11:24:38 IST" skipped="0">
  <testcase classname="demo.Groups_TestNG" name="test4" time="0.002"/>
  <testcase classname="demo.Groups_TestNG" name="test1" time="0.014"/>
  <testcase classname="demo.Groups_TestNG" name="test2" time="0.004"/>
  <testcase classname="demo.Groups_TestNG" name="test3" time="0.002"/>
</testsuite> <!-- demo.Groups_TestNG -->
