<?xml version="1.0" encoding="UTF-8"?>
<!-- Generated by org.testng.reporters.JUnitReportReporter -->
<testsuite hostname="Souvik" failures="0" tests="2" name="utils.ExcelDataProvider" time="0.016" errors="0" timestamp="2024-04-01T23:24:42 IST" skipped="0">
  <testcase classname="utils.ExcelDataProvider" name="test1" time="0.012"/>
  <testcase classname="utils.ExcelDataProvider" name="test1" time="0.004"/>
</testsuite> <!-- utils.ExcelDataProvider -->
