<?xml version="1.0" encoding="UTF-8"?>
<!-- Generated by org.testng.reporters.JUnitReportReporter -->
<testsuite hostname="Souvik" failures="0" tests="1" name="test2.GoogleSearchTest_TestNG" time="9.148" errors="0" timestamp="2024-03-31T23:33:42 IST" skipped="0">
  <testcase classname="test2.GoogleSearchTest_TestNG" name="googleSearch" time="9.148"/>
</testsuite> <!-- test2.GoogleSearchTest_TestNG -->
