<?xml version="1.0" encoding="UTF-8"?>
<!-- Generated by org.testng.reporters.JUnitReportReporter -->
<testsuite hostname="Souvik" failures="0" tests="4" name="demo.IgnoreTest_TestNG" time="0.041" errors="0" timestamp="2024-04-06T14:42:37 IST" skipped="1">
  <testcase classname="demo.IgnoreTest_TestNG" name="test4" time="0.005"/>
  <testcase classname="demo.IgnoreTest_TestNG" name="test1" time="0.023"/>
  <testcase classname="demo.IgnoreTest_TestNG" name="test3" time="0.013"/>
  <testcase classname="demo.IgnoreTest_TestNG" name="test2">
    <skipped/>
  </testcase> <!-- test2 -->
</testsuite> <!-- demo.IgnoreTest_TestNG -->
