<?xml version="1.0" encoding="UTF-8"?>
<!-- Generated by org.testng.reporters.JUnitReportReporter -->
<testsuite hostname="Souvik" failures="0" tests="1" name="demo.Parameterised_TestNG" time="0.018" errors="0" timestamp="2024-04-06T11:49:05 IST" skipped="0">
  <testcase classname="demo.Parameterised_TestNG" name="test1" time="0.018"/>
</testsuite> <!-- demo.Parameterised_TestNG -->
