<?xml version="1.0" encoding="UTF-8"?>
<!-- Generated by org.testng.reporters.JUnitReportReporter -->
<testsuite hostname="Souvik" failures="0" tests="3" name="demo.Priority_TestNG" time="0.019" errors="0" timestamp="2024-04-06T14:41:16 IST" skipped="0">
  <testcase classname="demo.Priority_TestNG" name="test3" time="0.015"/>
  <testcase classname="demo.Priority_TestNG" name="test2" time="0.002"/>
  <testcase classname="demo.Priority_TestNG" name="test1" time="0.002"/>
</testsuite> <!-- demo.Priority_TestNG -->
