<?xml version="1.0" encoding="UTF-8"?>
<!-- Generated by org.testng.reporters.JUnitReportReporter -->
<testsuite hostname="Souvik" failures="0" tests="5" name="utils.ExcelDataProvider_TestNG" time="17.117" errors="0" timestamp="2024-04-02T19:56:17 IST" skipped="0">
  <testcase classname="utils.ExcelDataProvider_TestNG" name="test1" time="3.003"/>
  <testcase classname="utils.ExcelDataProvider_TestNG" name="test1" time="2.970"/>
  <testcase classname="utils.ExcelDataProvider_TestNG" name="test1" time="3.188"/>
  <testcase classname="utils.ExcelDataProvider_TestNG" name="test1" time="3.053"/>
  <testcase classname="utils.ExcelDataProvider_TestNG" name="test1" time="4.903"/>
</testsuite> <!-- utils.ExcelDataProvider_TestNG -->
