<?xml version="1.0" encoding="UTF-8"?>
<!-- Generated by org.testng.reporters.JUnitReportReporter -->
<testsuite hostname="Souvik" failures="0" tests="3" name="listners.TestNGListeners_Demo2" time="0.016" errors="0" timestamp="2024-04-06T10:40:12 IST" skipped="1">
  <testcase classname="listners.TestNGListeners_Demo2" name="test6" time="0.002">
    <skipped/>
  </testcase> <!-- test6 -->
  <testcase classname="listners.TestNGListeners_Demo2" name="test5" time="0.008"/>
  <testcase classname="listners.TestNGListeners_Demo2" name="test4" time="0.006"/>
</testsuite> <!-- listners.TestNGListeners_Demo2 -->
