<?xml version="1.0" encoding="UTF-8"?>
<!-- Generated by org.testng.reporters.JUnitReportReporter -->
<testsuite hostname="Souvik" failures="0" tests="3" name="priority.Priority_TestNG" time="0.028" errors="0" timestamp="2024-04-06T10:54:04 IST" skipped="0">
  <testcase classname="priority.Priority_TestNG" name="test3" time="0.022"/>
  <testcase classname="priority.Priority_TestNG" name="test2" time="0.003"/>
  <testcase classname="priority.Priority_TestNG" name="test1" time="0.003"/>
</testsuite> <!-- priority.Priority_TestNG -->
