<?xml version="1.0" encoding="UTF-8"?>
<!-- Generated by org.testng.reporters.JUnitReportReporter -->
<testsuite hostname="Souvik" failures="0" tests="3" name="test2.MyExtentReports_TestNG" time="5.409" errors="0" timestamp="2024-04-01T18:08:33 IST" skipped="0">
  <testcase classname="test2.MyExtentReports_TestNG" name="test1" time="0.037"/>
  <testcase classname="test2.MyExtentReports_TestNG" name="googleSearch" time="5.367"/>
  <testcase classname="test2.MyExtentReports_TestNG" name="test2" time="0.005"/>
</testsuite> <!-- test2.MyExtentReports_TestNG -->
